#
# A fatal error has been detected by the Java Runtime Environment:
#
#  EXCEPTION_ACCESS_VIOLATION (0xc0000005) at pc=0x00000000522e21f2, pid=10740, tid=0x0000000000002a64
#
# JRE version: OpenJDK Runtime Environment (8.0_152-b01) (build 1.8.0_152-release-915-b01)
# Java VM: OpenJDK 64-Bit Server VM (25.152-b01 mixed mode windows-amd64 compressed oops)
# Problematic frame:
# V  [jvm.dll+0x4221f2]
#
# Failed to write core dump. Minidumps are not enabled by default on client versions of Windows
#
# If you would like to submit a bug report, please visit:
#   http://bugreport.java.com/bugreport/crash.jsp
#

---------------  T H R E A D  ---------------

Current thread (0x00000000166db800):  JavaThread "C2 CompilerThread1" daemon [_thread_in_native, id=10852, stack(0x0000000016f80000,0x0000000017080000)]

siginfo: ExceptionCode=0xc0000005, reading address 0x00000000183d26d8

Registers:
RAX=0x000000001e06a118, RBX=0x00000000000005f0, RCX=0x00000000183d26d8, RDX=0x000000001bafa8a0
RSP=0x000000001707c120, RBP=0x00000000000000be, RSI=0x00000000000000de, RDI=0x00000000183d26d8
R8 =0x0000000051ec0000, R9 =0x0000000000000000, R10=0x0000000000000008, R11=0x00000000167071e0
R12=0x000000001d310840, R13=0x0000000018393378, R14=0x0000000000000008, R15=0x0000000018393378
RIP=0x00000000522e21f2, EFLAGS=0x0000000000010206

Top of Stack: (sp=0x000000001707c120)
0x000000001707c120:   00000000000000b0 000000000000000a
0x000000001707c130:   0000000000000020 0000000000001000
0x000000001707c140:   0000000040000000 00000000000005f0
0x000000001707c150:   000000000000017c 00000000000000be
0x000000001707c160:   000000001e55e1b0 0000000000007fd8
0x000000001707c170:   0000000000000cd0 0000000020ce1f10
0x000000001707c180:   000000001707c440 000000001bafa900
0x000000001707c190:   0000000000000010 0000000000000002
0x000000001707c1a0:   000000001e06a820 00000000000000e0
0x000000001707c1b0:   0000000018393378 00000000522e2dcd
0x000000001707c1c0:   000000001e06a820 0000000000000020
0x000000001707c1d0:   00000000000000e0 000000001707c440
0x000000001707c1e0:   000000001bafa8a0 00000000522e2044
0x000000001707c1f0:   000000001bafa900 0000000000000010
0x000000001707c200:   000000001c9da3b0 000000001707e800
0x000000001707c210:   000000001c9da260 000000001e06a820 

Instructions: (pc=0x00000000522e21f2)
0x00000000522e21d2:   c6 48 63 f0 48 03 f1 eb 04 48 83 ce ff 48 8b 84
0x00000000522e21e2:   24 a0 00 00 00 48 8b 40 08 48 8b 3c 03 48 8b cf
0x00000000522e21f2:   48 8b 07 ff 50 28 4c 8d 05 01 de bd ff 48 63 50
0x00000000522e2202:   10 4c 8b d8 48 8b ca 48 c1 e1 05 42 80 bc 01 30 


Register to memory mapping:

RAX=0x000000001e06a118 is an unknown value
RBX=0x00000000000005f0 is an unknown value
RCX=0x00000000183d26d8 is an unknown value
RDX=0x000000001bafa8a0 is an unknown value
RSP=0x000000001707c120 is pointing into the stack for thread: 0x00000000166db800
RBP=0x00000000000000be is an unknown value
RSI=0x00000000000000de is an unknown value
RDI=0x00000000183d26d8 is an unknown value
R8 =0x0000000051ec0000 is an unknown value
R9 =0x0000000000000000 is an unknown value
R10=0x0000000000000008 is an unknown value
R11=0x00000000167071e0 is an unknown value
R12=0x000000001d310840 is an unknown value
R13=0x0000000018393378 is an unknown value
R14=0x0000000000000008 is an unknown value
R15=0x0000000018393378 is an unknown value


Stack: [0x0000000016f80000,0x0000000017080000],  sp=0x000000001707c120,  free space=1008k
Native frames: (J=compiled Java code, j=interpreted, Vv=VM code, C=native code)
V  [jvm.dll+0x4221f2]
V  [jvm.dll+0x422dcd]
V  [jvm.dll+0x42330f]
V  [jvm.dll+0x4c8054]
V  [jvm.dll+0x43f2d2]
V  [jvm.dll+0x441a6e]
V  [jvm.dll+0x424b32]
V  [jvm.dll+0x80fa9]
V  [jvm.dll+0x818df]
V  [jvm.dll+0x21d06f]
V  [jvm.dll+0x26d4aa]
C  [msvcr100.dll+0x21d9f]
C  [msvcr100.dll+0x21e3b]
C  [kernel32.dll+0x159cd]
C  [ntdll.dll+0x5383d]


Current CompileTask:
C2:2885148 23118       4       com.sun.tools.javac.jvm.ClassReader::readClass (474 bytes)


---------------  P R O C E S S  ---------------

Java Threads: ( => current thread )
  0x0000000020ccc800 JavaThread "Cache worker for Java compile cache (E:\WORKSPACE\privacy-friendly-boardgame-clock\.gradle\4.2\javaCompile)" [_thread_blocked, id=5832, stack(0x0000000023030000,0x0000000023130000)]
  0x00000000167dd800 JavaThread "Task worker for ':' Thread 3" [_thread_in_native, id=11492, stack(0x00000000238b0000,0x00000000239b0000)]
  0x00000000167da000 JavaThread "Task worker for ':' Thread 2" [_thread_blocked, id=4048, stack(0x0000000023160000,0x0000000023260000)]
  0x0000000017916800 JavaThread "Task worker for ':'" [_thread_blocked, id=8996, stack(0x0000000022f30000,0x0000000023030000)]
  0x0000000017911000 JavaThread "Cache worker for Build Output Cleanup Cache (E:\WORKSPACE\privacy-friendly-boardgame-clock\.gradle\buildOutputCleanup)" [_thread_blocked, id=6292, stack(0x0000000022390000,0x0000000022490000)]
  0x0000000017914800 JavaThread "Cache worker for task history cache (E:\WORKSPACE\privacy-friendly-boardgame-clock\.gradle\4.2\taskHistory)" [_thread_blocked, id=9448, stack(0x0000000022a60000,0x0000000022b60000)]
  0x0000000017913000 JavaThread "Cache worker for file content cache (E:\WORKSPACE\privacy-friendly-boardgame-clock\.gradle\4.2\fileContent)" [_thread_blocked, id=12024, stack(0x0000000022910000,0x0000000022a10000)]
  0x0000000017917800 JavaThread "build operations Thread 4" [_thread_blocked, id=11672, stack(0x000000001f300000,0x000000001f400000)]
  0x0000000017916000 JavaThread "build operations Thread 3" [_thread_blocked, id=8508, stack(0x0000000022250000,0x0000000022350000)]
  0x00000000184f1000 JavaThread "build operations Thread 2" [_thread_blocked, id=11272, stack(0x0000000022140000,0x0000000022240000)]
  0x00000000184f4000 JavaThread "build operations" [_thread_blocked, id=12004, stack(0x00000000164d0000,0x00000000165d0000)]
  0x00000000184ef800 JavaThread "Cache worker for Artifact transforms cache (C:\Users\Bi Banh Bao\.gradle\caches\transforms-1)" [_thread_blocked, id=12200, stack(0x0000000016bf0000,0x0000000016cf0000)]
  0x00000000184fa800 JavaThread "Cache worker for file hash cache (E:\WORKSPACE\privacy-friendly-boardgame-clock\.gradle\4.2\fileHashes)" [_thread_blocked, id=11372, stack(0x000000001a610000,0x000000001a710000)]
  0x00000000184f7000 JavaThread "Stdin handler" [_thread_blocked, id=9564, stack(0x000000001f170000,0x000000001f270000)]
  0x00000000184f8000 JavaThread "Asynchronous log dispatcher for DefaultDaemonConnection: socket connection from /127.0.0.1:50613 to /127.0.0.1:51824" [_thread_blocked, id=9616, stack(0x0000000016e30000,0x0000000016f30000)]
  0x00000000184f6800 JavaThread "Cancel handler" [_thread_blocked, id=3652, stack(0x000000001aae0000,0x000000001abe0000)]
  0x00000000184f5000 JavaThread "Handler for socket connection from /127.0.0.1:50613 to /127.0.0.1:51824" [_thread_in_native, id=11848, stack(0x000000001a9d0000,0x000000001aad0000)]
  0x00000000184ed800 JavaThread "Daemon worker Thread 6" [_thread_blocked, id=6104, stack(0x0000000017d20000,0x0000000017e20000)]
  0x00000000184f0800 JavaThread "Daemon Thread 6" [_thread_blocked, id=11532, stack(0x000000001a510000,0x000000001a610000)]
  0x00000000184f3800 JavaThread "Memory manager" [_thread_blocked, id=10376, stack(0x000000001dc40000,0x000000001dd40000)]
  0x00000000184f2800 JavaThread "pool-1-thread-1" [_thread_blocked, id=10892, stack(0x000000001f940000,0x000000001fa40000)]
  0x00000000186dc000 JavaThread "File lock request listener" [_thread_in_native, id=10932, stack(0x000000001b090000,0x000000001b190000)]
  0x00000000186d3800 JavaThread "Cache worker for file hash cache (C:\Users\Bi Banh Bao\.gradle\caches\4.2\fileHashes)" [_thread_blocked, id=8196, stack(0x000000001af80000,0x000000001b080000)]
  0x00000000183bb000 JavaThread "Daemon periodic checks" [_thread_blocked, id=7256, stack(0x000000001a370000,0x000000001a470000)]
  0x00000000183ba800 JavaThread "Incoming local TCP Connector on port 50613" [_thread_in_native, id=9400, stack(0x000000001a250000,0x000000001a350000)]
  0x000000001675d800 JavaThread "Service Thread" daemon [_thread_blocked, id=1888, stack(0x0000000017240000,0x0000000017340000)]
  0x0000000015316800 JavaThread "C1 CompilerThread2" daemon [_thread_blocked, id=9596, stack(0x0000000017130000,0x0000000017230000)]
=>0x00000000166db800 JavaThread "C2 CompilerThread1" daemon [_thread_in_native, id=10852, stack(0x0000000016f80000,0x0000000017080000)]
  0x00000000166d4000 JavaThread "C2 CompilerThread0" daemon [_thread_in_native, id=9832, stack(0x0000000016110000,0x0000000016210000)]
  0x00000000166d0800 JavaThread "Attach Listener" daemon [_thread_blocked, id=9200, stack(0x0000000016d20000,0x0000000016e20000)]
  0x0000000015315800 JavaThread "Signal Dispatcher" daemon [_thread_blocked, id=10988, stack(0x0000000016ad0000,0x0000000016bd0000)]
  0x00000000152fa800 JavaThread "Finalizer" daemon [_thread_blocked, id=10588, stack(0x00000000165d0000,0x00000000166d0000)]
  0x00000000152b1000 JavaThread "Reference Handler" daemon [_thread_blocked, id=10984, stack(0x00000000163d0000,0x00000000164d0000)]
  0x0000000002208800 JavaThread "main" [_thread_blocked, id=8548, stack(0x00000000023e0000,0x00000000024e0000)]

Other Threads:
  0x00000000152a9800 VMThread [stack: 0x0000000016220000,0x0000000016320000] [id=6028]
  0x000000001675f800 WatcherThread [stack: 0x0000000017420000,0x0000000017520000] [id=8144]

VM state:not at safepoint (normal execution)

VM Mutex/Monitor currently owned by a thread: None

Heap:
 PSYoungGen      total 250368K, used 249775K [0x00000000eab00000, 0x00000000ffd80000, 0x0000000100000000)
  eden space 239104K, 99% used [0x00000000eab00000,0x00000000f9428e18,0x00000000f9480000)
  from space 11264K, 97% used [0x00000000f9480000,0x00000000f9f43040,0x00000000f9f80000)
  to   space 53760K, 0% used [0x00000000fc900000,0x00000000fc900000,0x00000000ffd80000)
 ParOldGen       total 137728K, used 92736K [0x00000000c0000000, 0x00000000c8680000, 0x00000000eab00000)
  object space 137728K, 67% used [0x00000000c0000000,0x00000000c5a903d8,0x00000000c8680000)
 Metaspace       used 82831K, capacity 88538K, committed 88576K, reserved 1126400K
  class space    used 10454K, capacity 11740K, committed 11776K, reserved 1048576K

Card table byte_map: [0x0000000011b70000,0x0000000011d80000] byte_map_base: 0x0000000011570000

Marking Bits: (ParMarkBitMap*) 0x0000000052683950
 Begin Bits: [0x0000000012720000, 0x0000000013720000)
 End Bits:   [0x0000000013720000, 0x0000000014720000)

Polling page: 0x0000000000270000

CodeCache: size=245760Kb used=63896Kb max_used=65670Kb free=181863Kb
 bounds [0x00000000027b0000, 0x0000000006830000, 0x00000000117b0000]
 total_blobs=18444 nmethods=17589 adapters=764
 compilation: enabled

Compilation events (10 events):
Event: 2885.048 Thread 0x00000000166d4000 nmethod 23120 0x0000000004944910 code [0x0000000004944a60, 0x0000000004944af8]
Event: 2885.048 Thread 0x00000000166d4000 23151       4       com.sun.tools.javac.comp.Attr::visitApply (814 bytes)
Event: 2885.049 Thread 0x0000000015316800 23155       1       com.sun.tools.javac.jvm.ClassReader$AnnotationDeproxy::visitConstant (6 bytes)
Event: 2885.049 Thread 0x0000000015316800 nmethod 23155 0x0000000004d253d0 code [0x0000000004d25520, 0x0000000004d25650]
Event: 2885.054 Thread 0x0000000015316800 23157       3       com.sun.tools.javac.comp.Attr::visitIndexed (131 bytes)
Event: 2885.055 Thread 0x0000000015316800 nmethod 23157 0x0000000004bb8ed0 code [0x0000000004bb91e0, 0x0000000004bbaa38]
Event: 2885.055 Thread 0x0000000015316800 23158       3       com.sun.tools.javac.code.Types::isArray (27 bytes)
Event: 2885.056 Thread 0x0000000015316800 nmethod 23158 0x0000000004ab64d0 code [0x0000000004ab6680, 0x0000000004ab6cc8]
Event: 2885.061 Thread 0x0000000015316800 23162       3       com.sun.tools.javac.comp.Flow$AssignAnalyzer::trackable (37 bytes)
Event: 2885.061 Thread 0x0000000015316800 nmethod 23162 0x0000000004d24ed0 code [0x0000000004d25040, 0x0000000004d252a8]

GC Heap History (10 events):
Event: 2251.581 GC heap before
{Heap before GC invocations=24 (full 3):
 PSYoungGen      total 298496K, used 278701K [0x00000000eab00000, 0x00000000ffc80000, 0x0000000100000000)
  eden space 254464K, 100% used [0x00000000eab00000,0x00000000fa380000,0x00000000fa380000)
  from space 44032K, 55% used [0x00000000fd180000,0x00000000fe92b528,0x00000000ffc80000)
  to   space 45568K, 0% used [0x00000000fa380000,0x00000000fa380000,0x00000000fd000000)
 ParOldGen       total 137728K, used 74613K [0x00000000c0000000, 0x00000000c8680000, 0x00000000eab00000)
  object space 137728K, 54% used [0x00000000c0000000,0x00000000c48dd420,0x00000000c8680000)
 Metaspace       used 81747K, capacity 86752K, committed 87040K, reserved 1124352K
  class space    used 10310K, capacity 11459K, committed 11520K, reserved 1048576K
Event: 2251.620 GC heap after
Heap after GC invocations=24 (full 3):
 PSYoungGen      total 300032K, used 45560K [0x00000000eab00000, 0x0000000100000000, 0x0000000100000000)
  eden space 254464K, 0% used [0x00000000eab00000,0x00000000eab00000,0x00000000fa380000)
  from space 45568K, 99% used [0x00000000fa380000,0x00000000fcffe2a0,0x00000000fd000000)
  to   space 49152K, 0% used [0x00000000fd000000,0x00000000fd000000,0x0000000100000000)
 ParOldGen       total 137728K, used 75915K [0x00000000c0000000, 0x00000000c8680000, 0x00000000eab00000)
  object space 137728K, 55% used [0x00000000c0000000,0x00000000c4a22e28,0x00000000c8680000)
 Metaspace       used 81747K, capacity 86752K, committed 87040K, reserved 1124352K
  class space    used 10310K, capacity 11459K, committed 11520K, reserved 1048576K
}
Event: 2252.252 GC heap before
{Heap before GC invocations=25 (full 3):
 PSYoungGen      total 300032K, used 300024K [0x00000000eab00000, 0x0000000100000000, 0x0000000100000000)
  eden space 254464K, 100% used [0x00000000eab00000,0x00000000fa380000,0x00000000fa380000)
  from space 45568K, 99% used [0x00000000fa380000,0x00000000fcffe2a0,0x00000000fd000000)
  to   space 49152K, 0% used [0x00000000fd000000,0x00000000fd000000,0x0000000100000000)
 ParOldGen       total 137728K, used 75915K [0x00000000c0000000, 0x00000000c8680000, 0x00000000eab00000)
  object space 137728K, 55% used [0x00000000c0000000,0x00000000c4a22e28,0x00000000c8680000)
 Metaspace       used 81754K, capacity 86752K, committed 87040K, reserved 1124352K
  class space    used 10310K, capacity 11459K, committed 11520K, reserved 1048576K
Event: 2252.283 GC heap after
Heap after GC invocations=25 (full 3):
 PSYoungGen      total 287744K, used 41481K [0x00000000eab00000, 0x0000000100000000, 0x0000000100000000)
  eden space 238592K, 0% used [0x00000000eab00000,0x00000000eab00000,0x00000000f9400000)
  from space 49152K, 84% used [0x00000000fd000000,0x00000000ff882560,0x0000000100000000)
  to   space 55296K, 0% used [0x00000000f9400000,0x00000000f9400000,0x00000000fca00000)
 ParOldGen       total 137728K, used 77196K [0x00000000c0000000, 0x00000000c8680000, 0x00000000eab00000)
  object space 137728K, 56% used [0x00000000c0000000,0x00000000c4b630d8,0x00000000c8680000)
 Metaspace       used 81754K, capacity 86752K, committed 87040K, reserved 1124352K
  class space    used 10310K, capacity 11459K, committed 11520K, reserved 1048576K
}
Event: 2253.089 GC heap before
{Heap before GC invocations=26 (full 3):
 PSYoungGen      total 287744K, used 280073K [0x00000000eab00000, 0x0000000100000000, 0x0000000100000000)
  eden space 238592K, 100% used [0x00000000eab00000,0x00000000f9400000,0x00000000f9400000)
  from space 49152K, 84% used [0x00000000fd000000,0x00000000ff882560,0x0000000100000000)
  to   space 55296K, 0% used [0x00000000f9400000,0x00000000f9400000,0x00000000fca00000)
 ParOldGen       total 137728K, used 77196K [0x00000000c0000000, 0x00000000c8680000, 0x00000000eab00000)
  object space 137728K, 56% used [0x00000000c0000000,0x00000000c4b630d8,0x00000000c8680000)
 Metaspace       used 81762K, capacity 86752K, committed 87040K, reserved 1124352K
  class space    used 10310K, capacity 11459K, committed 11520K, reserved 1048576K
Event: 2253.108 GC heap after
Heap after GC invocations=26 (full 3):
 PSYoungGen      total 247296K, used 8445K [0x00000000eab00000, 0x0000000100000000, 0x0000000100000000)
  eden space 238592K, 0% used [0x00000000eab00000,0x00000000eab00000,0x00000000f9400000)
  from space 8704K, 97% used [0x00000000f9400000,0x00000000f9c3f580,0x00000000f9c80000)
  to   space 55808K, 0% used [0x00000000fc980000,0x00000000fc980000,0x0000000100000000)
 ParOldGen       total 137728K, used 91872K [0x00000000c0000000, 0x00000000c8680000, 0x00000000eab00000)
  object space 137728K, 66% used [0x00000000c0000000,0x00000000c59b8388,0x00000000c8680000)
 Metaspace       used 81762K, capacity 86752K, committed 87040K, reserved 1124352K
  class space    used 10310K, capacity 11459K, committed 11520K, reserved 1048576K
}
Event: 2409.717 GC heap before
{Heap before GC invocations=27 (full 3):
 PSYoungGen      total 247296K, used 246672K [0x00000000eab00000, 0x0000000100000000, 0x0000000100000000)
  eden space 238592K, 99% used [0x00000000eab00000,0x00000000f93a4c38,0x00000000f9400000)
  from space 8704K, 97% used [0x00000000f9400000,0x00000000f9c3f580,0x00000000f9c80000)
  to   space 55808K, 0% used [0x00000000fc980000,0x00000000fc980000,0x0000000100000000)
 ParOldGen       total 137728K, used 91872K [0x00000000c0000000, 0x00000000c8680000, 0x00000000eab00000)
  object space 137728K, 66% used [0x00000000c0000000,0x00000000c59b8388,0x00000000c8680000)
 Metaspace       used 82117K, capacity 87422K, committed 87680K, reserved 1126400K
  class space    used 10359K, capacity 11568K, committed 11648K, reserved 1048576K
Event: 2409.753 GC heap after
Heap after GC invocations=27 (full 3):
 PSYoungGen      total 294912K, used 15837K [0x00000000eab00000, 0x0000000100000000, 0x0000000100000000)
  eden space 239104K, 0% used [0x00000000eab00000,0x00000000eab00000,0x00000000f9480000)
  from space 55808K, 28% used [0x00000000fc980000,0x00000000fd8f7568,0x0000000100000000)
  to   space 54272K, 0% used [0x00000000f9480000,0x00000000f9480000,0x00000000fc980000)
 ParOldGen       total 137728K, used 92584K [0x00000000c0000000, 0x00000000c8680000, 0x00000000eab00000)
  object space 137728K, 67% used [0x00000000c0000000,0x00000000c5a6a3b8,0x00000000c8680000)
 Metaspace       used 82117K, capacity 87422K, committed 87680K, reserved 1126400K
  class space    used 10359K, capacity 11568K, committed 11648K, reserved 1048576K
}
Event: 2824.167 GC heap before
{Heap before GC invocations=28 (full 3):
 PSYoungGen      total 294912K, used 253966K [0x00000000eab00000, 0x0000000100000000, 0x0000000100000000)
  eden space 239104K, 99% used [0x00000000eab00000,0x00000000f938c348,0x00000000f9480000)
  from space 55808K, 28% used [0x00000000fc980000,0x00000000fd8f7568,0x0000000100000000)
  to   space 54272K, 0% used [0x00000000f9480000,0x00000000f9480000,0x00000000fc980000)
 ParOldGen       total 137728K, used 92584K [0x00000000c0000000, 0x00000000c8680000, 0x00000000eab00000)
  object space 137728K, 67% used [0x00000000c0000000,0x00000000c5a6a3b8,0x00000000c8680000)
 Metaspace       used 82440K, capacity 87946K, committed 88064K, reserved 1126400K
  class space    used 10406K, capacity 11664K, committed 11776K, reserved 1048576K
Event: 2824.181 GC heap after
Heap after GC invocations=28 (full 3):
 PSYoungGen      total 250368K, used 11020K [0x00000000eab00000, 0x00000000ffd80000, 0x0000000100000000)
  eden space 239104K, 0% used [0x00000000eab00000,0x00000000eab00000,0x00000000f9480000)
  from space 11264K, 97% used [0x00000000f9480000,0x00000000f9f43040,0x00000000f9f80000)
  to   space 53760K, 0% used [0x00000000fc900000,0x00000000fc900000,0x00000000ffd80000)
 ParOldGen       total 137728K, used 92736K [0x00000000c0000000, 0x00000000c8680000, 0x00000000eab00000)
  object space 137728K, 67% used [0x00000000c0000000,0x00000000c5a903d8,0x00000000c8680000)
 Metaspace       used 82440K, capacity 87946K, committed 88064K, reserved 1126400K
  class space    used 10406K, capacity 11664K, committed 11776K, reserved 1048576K
}

Deoptimization events (10 events):
Event: 2884.977 Thread 0x00000000167dd800 Uncommon trap: reason=class_check action=maybe_recompile pc=0x0000000005281abc method=com.sun.tools.javac.comp.Lower.boxIfNeeded(Lcom/sun/tools/javac/tree/JCTree;Lcom/sun/tools/javac/code/Type;)Lcom/sun/tools/javac/tree/JCTree; @ 77
Event: 2884.977 Thread 0x00000000167dd800 Uncommon trap: reason=class_check action=maybe_recompile pc=0x0000000005281abc method=com.sun.tools.javac.comp.Lower.boxIfNeeded(Lcom/sun/tools/javac/tree/JCTree;Lcom/sun/tools/javac/code/Type;)Lcom/sun/tools/javac/tree/JCTree; @ 77
Event: 2884.977 Thread 0x00000000167dd800 Uncommon trap: reason=class_check action=maybe_recompile pc=0x0000000005281abc method=com.sun.tools.javac.comp.Lower.boxIfNeeded(Lcom/sun/tools/javac/tree/JCTree;Lcom/sun/tools/javac/code/Type;)Lcom/sun/tools/javac/tree/JCTree; @ 77
Event: 2884.977 Thread 0x00000000167dd800 Uncommon trap: reason=class_check action=maybe_recompile pc=0x0000000005281abc method=com.sun.tools.javac.comp.Lower.boxIfNeeded(Lcom/sun/tools/javac/tree/JCTree;Lcom/sun/tools/javac/code/Type;)Lcom/sun/tools/javac/tree/JCTree; @ 77
Event: 2884.978 Thread 0x00000000167dd800 Uncommon trap: reason=class_check action=maybe_recompile pc=0x00000000067b2e04 method=com.sun.tools.javac.jvm.Code.emitop2(II)V @ 546
Event: 2884.988 Thread 0x00000000167dd800 Uncommon trap: reason=speculate_class_check action=maybe_recompile pc=0x0000000005e2dcf4 method=com.sun.tools.javac.code.Type.hasTag(Lcom/sun/tools/javac/code/TypeTag;)Z @ 2
Event: 2885.002 Thread 0x00000000167dd800 Uncommon trap: reason=unstable_if action=reinterpret pc=0x0000000005f1eb00 method=com.sun.tools.javac.comp.TransTypes.isBridgeNeeded(Lcom/sun/tools/javac/code/Symbol$MethodSymbol;Lcom/sun/tools/javac/code/Symbol$MethodSymbol;Lcom/sun/tools/javac/code/Type
Event: 2885.060 Thread 0x00000000167dd800 Uncommon trap: reason=unstable_if action=reinterpret pc=0x00000000052557e0 method=com.sun.tools.javac.comp.Flow$AssignAnalyzer.isFinalUninitializedField(Lcom/sun/tools/javac/code/Symbol$VarSymbol;)Z @ 23
Event: 2885.061 Thread 0x00000000167dd800 Uncommon trap: reason=unstable_if action=reinterpret pc=0x0000000005f1647c method=com.sun.tools.javac.comp.Flow$AssignAnalyzer.isFinalUninitializedField(Lcom/sun/tools/javac/code/Symbol$VarSymbol;)Z @ 23
Event: 2885.061 Thread 0x00000000167dd800 Uncommon trap: reason=unstable_if action=reinterpret pc=0x000000000525bcf0 method=com.sun.tools.javac.comp.Flow$AssignAnalyzer.isFinalUninitializedField(Lcom/sun/tools/javac/code/Symbol$VarSymbol;)Z @ 23

Classes redefined (0 events):
No events

Internal exceptions (10 events):
Event: 2825.420 Thread 0x00000000184f0800 Exception <a 'java/lang/NoSuchMethodError': <clinit>> (0x00000000efb96050) thrown at [D:\src\AOSP-openjdk-cygwin\jdk8u\hotspot\src\share\vm\prims\jni.cpp, line 1613]
Event: 2825.421 Thread 0x00000000184f0800 Exception <a 'java/lang/NoSuchMethodError': <clinit>> (0x00000000efbb70b0) thrown at [D:\src\AOSP-openjdk-cygwin\jdk8u\hotspot\src\share\vm\prims\jni.cpp, line 1613]
Event: 2825.421 Thread 0x00000000184f0800 Exception <a 'java/lang/NoSuchMethodError': <clinit>> (0x00000000efbbcc18) thrown at [D:\src\AOSP-openjdk-cygwin\jdk8u\hotspot\src\share\vm\prims\jni.cpp, line 1613]
Event: 2825.422 Thread 0x00000000184f0800 Exception <a 'java/lang/NoSuchMethodError': <clinit>> (0x00000000efbd0090) thrown at [D:\src\AOSP-openjdk-cygwin\jdk8u\hotspot\src\share\vm\prims\jni.cpp, line 1613]
Event: 2825.435 Thread 0x00000000184f0800 Exception <a 'java/lang/NoSuchMethodError': <clinit>> (0x00000000efbf8f50) thrown at [D:\src\AOSP-openjdk-cygwin\jdk8u\hotspot\src\share\vm\prims\jni.cpp, line 1613]
Event: 2846.724 Thread 0x00000000184f2800 Exception <a 'sun/nio/fs/WindowsException'> (0x00000000efa67438) thrown at [D:\src\AOSP-openjdk-cygwin\jdk8u\hotspot\src\share\vm\prims\jni.cpp, line 709]
Event: 2883.457 Thread 0x00000000184ed800 Exception <a 'java/lang/ClassNotFoundException': sync_local_repo3896_5n6gyxpxklujt9s2uokx7709gBeanInfo> (0x00000000f0037fd8) thrown at [D:\src\AOSP-openjdk-cygwin\jdk8u\hotspot\src\share\vm\classfile\systemDictionary.cpp, line 210]
Event: 2883.457 Thread 0x00000000184ed800 Exception <a 'java/lang/ClassNotFoundException': sync_local_repo3896_5n6gyxpxklujt9s2uokx7709gCustomizer> (0x00000000f0043008) thrown at [D:\src\AOSP-openjdk-cygwin\jdk8u\hotspot\src\share\vm\classfile\systemDictionary.cpp, line 210]
Event: 2883.676 Thread 0x00000000184ed800 Exception <a 'sun/nio/fs/WindowsException'> (0x00000000f2f7e160) thrown at [D:\src\AOSP-openjdk-cygwin\jdk8u\hotspot\src\share\vm\prims\jni.cpp, line 709]
Event: 2883.689 Thread 0x00000000184ed800 Implicit null exception at 0x0000000002fbc6d3 to 0x0000000002fbc80d

Events (10 events):
Event: 2885.060 Thread 0x00000000167dd800 DEOPT PACKING pc=0x00000000052557e0 sp=0x00000000239ac340
Event: 2885.060 Thread 0x00000000167dd800 DEOPT UNPACKING pc=0x00000000027f556a sp=0x00000000239ac288 mode 2
Event: 2885.061 Thread 0x00000000167dd800 Uncommon trap: trap_request=0xffffff65 fr.pc=0x0000000005f1647c
Event: 2885.061 Thread 0x00000000167dd800 DEOPT PACKING pc=0x0000000005f1647c sp=0x00000000239ac280
Event: 2885.061 Thread 0x00000000167dd800 DEOPT UNPACKING pc=0x00000000027f556a sp=0x00000000239ac1f0 mode 2
Event: 2885.061 Thread 0x00000000167dd800 Uncommon trap: trap_request=0xffffff65 fr.pc=0x000000000525bcf0
Event: 2885.061 Thread 0x00000000167dd800 DEOPT PACKING pc=0x000000000525bcf0 sp=0x00000000239abd90
Event: 2885.061 Thread 0x00000000167dd800 DEOPT UNPACKING pc=0x00000000027f556a sp=0x00000000239abd38 mode 2
Event: 2885.061 loading class com/sun/tools/javac/tree/TreeInfo$1
Event: 2885.061 loading class com/sun/tools/javac/tree/TreeInfo$1 done


Dynamic libraries:
0x000000013f720000 - 0x000000013f751000 	E:\Programme\Android Studio 3.0\jre\bin\java.exe
0x00000000778d0000 - 0x0000000077a6f000 	C:\Windows\SYSTEM32\ntdll.dll
0x000007feee880000 - 0x000007feee8b4000 	C:\Program Files\AVAST Software\Avast\x64\aswhooka.dll
0x00000000777b0000 - 0x00000000778cf000 	C:\Windows\system32\kernel32.dll
0x000007fefd5c0000 - 0x000007fefd62a000 	C:\Windows\system32\KERNELBASE.dll
0x000007fefdeb0000 - 0x000007fefdf8b000 	C:\Windows\system32\ADVAPI32.dll
0x000007feffa90000 - 0x000007feffb2f000 	C:\Windows\system32\msvcrt.dll
0x000007feff690000 - 0x000007feff6af000 	C:\Windows\SYSTEM32\sechost.dll
0x000007fefe2c0000 - 0x000007fefe3ed000 	C:\Windows\system32\RPCRT4.dll
0x00000000776b0000 - 0x00000000777aa000 	C:\Windows\system32\USER32.dll
0x000007fefdcb0000 - 0x000007fefdd17000 	C:\Windows\system32\GDI32.dll
0x000007fefd960000 - 0x000007fefd96e000 	C:\Windows\system32\LPK.dll
0x000007fefe780000 - 0x000007fefe84b000 	C:\Windows\system32\USP10.dll
0x000007fefc110000 - 0x000007fefc304000 	C:\Windows\WinSxS\amd64_microsoft.windows.common-controls_6595b64144ccf1df_6.0.7601.18837_none_fa3b1e3d17594757\COMCTL32.dll
0x000007fefe850000 - 0x000007fefe8c1000 	C:\Windows\system32\SHLWAPI.dll
0x000007feff660000 - 0x000007feff68e000 	C:\Windows\system32\IMM32.DLL
0x000007feff6b0000 - 0x000007feff7b9000 	C:\Windows\system32\MSCTF.dll
0x0000000079400000 - 0x00000000794d2000 	E:\Programme\Android Studio 3.0\jre\jre\bin\msvcr100.dll
0x0000000051ec0000 - 0x00000000526fe000 	E:\Programme\Android Studio 3.0\jre\jre\bin\server\jvm.dll
0x000007fef7660000 - 0x000007fef7669000 	C:\Windows\system32\WSOCK32.dll
0x000007fefe410000 - 0x000007fefe45d000 	C:\Windows\system32\WS2_32.dll
0x000007feffbb0000 - 0x000007feffbb8000 	C:\Windows\system32\NSI.dll
0x000007fefa200000 - 0x000007fefa23b000 	C:\Windows\system32\WINMM.dll
0x000007fefc680000 - 0x000007fefc68c000 	C:\Windows\system32\VERSION.dll
0x0000000077a80000 - 0x0000000077a87000 	C:\Windows\system32\PSAPI.DLL
0x000007fef86a0000 - 0x000007fef86af000 	E:\Programme\Android Studio 3.0\jre\jre\bin\verify.dll
0x000007fef5d70000 - 0x000007fef5d99000 	E:\Programme\Android Studio 3.0\jre\jre\bin\java.dll
0x000007fef7720000 - 0x000007fef7736000 	E:\Programme\Android Studio 3.0\jre\jre\bin\zip.dll
0x000007fefe8d0000 - 0x000007feff65b000 	C:\Windows\system32\SHELL32.dll
0x000007fefdab0000 - 0x000007fefdcad000 	C:\Windows\system32\ole32.dll
0x000007fefd5a0000 - 0x000007fefd5af000 	C:\Windows\system32\profapi.dll
0x000007fef3e30000 - 0x000007fef3e4a000 	E:\Programme\Android Studio 3.0\jre\jre\bin\net.dll
0x000007fefcd70000 - 0x000007fefcdc5000 	C:\Windows\system32\mswsock.dll
0x000007fefcd60000 - 0x000007fefcd67000 	C:\Windows\System32\wship6.dll
0x000007feee250000 - 0x000007feee261000 	E:\Programme\Android Studio 3.0\jre\jre\bin\nio.dll
0x000007feec2b0000 - 0x000007feec2ce000 	C:\Users\Bi Banh Bao\.gradle\native\25\windows-amd64\native-platform.dll
0x000007fef76d0000 - 0x000007fef76dd000 	E:\Programme\Android Studio 3.0\jre\jre\bin\management.dll
0x000007fefcfc0000 - 0x000007fefcfd8000 	C:\Windows\system32\CRYPTSP.dll
0x000007fefcc50000 - 0x000007fefcc97000 	C:\Windows\system32\rsaenh.dll
0x000007fefd940000 - 0x000007fefd95e000 	C:\Windows\system32\USERENV.dll
0x000007fefd440000 - 0x000007fefd44f000 	C:\Windows\system32\CRYPTBASE.dll
0x000007fefacc0000 - 0x000007feface7000 	C:\Windows\system32\IPHLPAPI.DLL
0x000007fefacb0000 - 0x000007fefacbb000 	C:\Windows\system32\WINNSI.DLL
0x000007fefab50000 - 0x000007fefab61000 	C:\Windows\system32\dhcpcsvc6.DLL
0x000007fefab30000 - 0x000007fefab48000 	C:\Windows\system32\dhcpcsvc.DLL
0x000007fefd3e0000 - 0x000007fefd437000 	C:\Windows\system32\apphelp.dll
0x000007fef48d0000 - 0x000007fef49f5000 	C:\Windows\system32\dbghelp.dll

VM Arguments:
jvm_args: -XX:+HeapDumpOnOutOfMemoryError -Xmx1024m -Dfile.encoding=windows-1252 -Duser.country=DE -Duser.language=de -Duser.variant 
java_command: org.gradle.launcher.daemon.bootstrap.GradleDaemon 4.2
java_class_path (initial): C:\Users\Bi Banh Bao\.gradle\wrapper\dists\gradle-4.2-all\35kgqhc6h01n0g1he8zslvs9l\gradle-4.2\lib\gradle-launcher-4.2.jar
Launcher Type: SUN_STANDARD

Environment Variables:
JAVA_HOME=C:\Program Files (x86)\Java\jdk1.8.0_131
PATH=C:\ProgramData\Oracle\Java\javapath;C:\Program Files (x86)\Intel\iCLS Client\;C:\Program Files\Intel\iCLS Client\;C:\Windows\system32;C:\Windows;C:\Windows\System32\Wbem;C:\Windows\System32\WindowsPowerShell\v1.0\;C:\Program Files\Intel\Intel(R) Management Engine Components\DAL;C:\Program Files\Intel\Intel(R) Management Engine Components\IPT;C:\Program Files (x86)\Intel\Intel(R) Management Engine Components\DAL;C:\Program Files (x86)\Intel\Intel(R) Management Engine Components\IPT;C:\Program Files (x86)\ATI Technologies\ATI.ACE\Core-Static;C:\Program Files (x86)\Java\jdk1.8.0_131\bin;C:\apache-maven-3.5.0\bin;C:\Program Files\Git\cmd;E:\PostgreSQL\osm2pgsql\osm2pgsql-bin;E:\WORKSPACE\´BP2017_Data\OSM Datenbank\osmosis-latest\bin;E:\PostgreSQL\9.6\bin;C:\Program Files\PuTTY\;E:\WORKSPACE\_______BP2017_Data\OSM Datenbank\osmosis-latest\bin;C:\Program Files (x86)\Calibre2\;C:\Users\Bi Banh Bao\AppData\Local\Programs\Python\Python36-32;C:\Users\Bi Banh Bao\AppData\Local\Programs\Python\Python36-32\Scripts;E:\Programme\Android\Sdk\platform-tools;C:\Users\Bi Banh Bao\AppData\Local\Programs\Python\Python36-32\Scripts\;C:\Users\Bi Banh Bao\AppData\Local\Programs\Python\Python36-32\
USERNAME=Bi Banh Bao
OS=Windows_NT
PROCESSOR_IDENTIFIER=Intel64 Family 6 Model 58 Stepping 9, GenuineIntel



---------------  S Y S T E M  ---------------

OS: Windows 7 , 64 bit Build 7601 (6.1.7601.24024)

CPU:total 4 (initial active 4) (4 cores per cpu, 1 threads per core) family 6 model 58 stepping 9, cmov, cx8, fxsr, mmx, sse, sse2, sse3, ssse3, sse4.1, sse4.2, popcnt, avx, aes, clmul, erms, tsc, tscinvbit, tscinv

Memory: 4k page, physical 8350732k(2495816k free), swap 16699588k(8895796k free)

vm_info: OpenJDK 64-Bit Server VM (25.152-b01) for windows-amd64 JRE (1.8.0_152-release-915-b01), built by "builder" with MS VC++ 10.0 (VS2010)

time: Mon Mar 12 19:43:18 2018
elapsed time: 2885 seconds (0d 0h 48m 5s)

