#
# A fatal error has been detected by the Java Runtime Environment:
#
#  EXCEPTION_ACCESS_VIOLATION (0xc0000005) at pc=0x0000000007598d61, pid=4624, tid=0x0000000000001c70
#
# JRE version: OpenJDK Runtime Environment (8.0_152-b01) (build 1.8.0_152-release-915-b01)
# Java VM: OpenJDK 64-Bit Server VM (25.152-b01 mixed mode windows-amd64 compressed oops)
# Problematic frame:
# V  [jvm.dll+0x488d61]
#
# Failed to write core dump. Minidumps are not enabled by default on client versions of Windows
#
# If you would like to submit a bug report, please visit:
#   http://bugreport.java.com/bugreport/crash.jsp
#

---------------  T H R E A D  ---------------

Current thread (0x0000000057153800):  JavaThread "C2 CompilerThread0" daemon [_thread_in_native, id=7280, stack(0x00000000575b0000,0x00000000576b0000)]

siginfo: ExceptionCode=0xc0000005, reading address 0x0000000000000000

Registers:
RAX=0x0000000000000000, RBX=0x000000005bd892d8, RCX=0x00000000576ac440, RDX=0x0000000000008000
RSP=0x00000000576abed0, RBP=0x000000005dd6b128, RSI=0x0000000000000711, RDI=0x00000000576ac460
R8 =0x000000000000001b, R9 =0x0000000000100000, R10=0x00000000576ac440, R11=0x000000005b480370
R12=0x0000000000000007, R13=0x000000005dd6b128, R14=0x00000000576abfe8, R15=0x00000000576ac008
RIP=0x0000000007598d61, EFLAGS=0x0000000000010206

Top of Stack: (sp=0x00000000576abed0)
0x00000000576abed0:   00000000576ac440 00000000576abfe8
0x00000000576abee0:   0000000000000001 00000000576ac440
0x00000000576abef0:   00000000576ac440 000000000759cbb7
0x00000000576abf00:   000000005de6ceb0 0000000000001218
0x00000000576abf10:   000000005b058060 00000000576ac440
0x00000000576abf20:   000000005e386818 00000000576ac058
0x00000000576abf30:   00000000576ac0b0 000000000759e4d9
0x00000000576abf40:   000000005de6ceb0 0000000000001216
0x00000000576abf50:   0000000000000001 000000005b0a0140
0x00000000576abf60:   00000000576ace18 00000000075e85c0
0x00000000576abf70:   000000005cfd7f00 00000000061d1f70
0x00000000576abf80:   00000000587de250 00000000576ac0b0
0x00000000576abf90:   00000000061d1f70 0000000000000009
0x00000000576abfa0:   00000000576ac440 00000000075a0283
0x00000000576abfb0:   00000000576ac440 0000000000000001
0x00000000576abfc0:   0000000000000007 00000000576ac058 

Instructions: (pc=0x0000000007598d61)
0x0000000007598d41:   28 8b 51 28 48 8d 79 20 3b f2 73 0a 48 8b 47 10
0x0000000007598d51:   48 8b 1c f0 eb 02 33 db 48 83 e3 fe 48 8b 43 08
0x0000000007598d61:   48 83 38 00 75 34 8b 43 28 3b c2 73 0c 8b c8 48
0x0000000007598d71:   8b 47 10 48 8b 1c c8 eb 02 33 db 48 83 e3 fe 48 


Register to memory mapping:

RAX=0x0000000000000000 is an unknown value
RBX=0x000000005bd892d8 is an unknown value
RCX=0x00000000576ac440 is pointing into the stack for thread: 0x0000000057153800
RDX=0x0000000000008000 is an unknown value
RSP=0x00000000576abed0 is pointing into the stack for thread: 0x0000000057153800
RBP=0x000000005dd6b128 is an unknown value
RSI=0x0000000000000711 is an unknown value
RDI=0x00000000576ac460 is pointing into the stack for thread: 0x0000000057153800
R8 =0x000000000000001b is an unknown value
R9 =0x0000000000100000 is an unknown value
R10=0x00000000576ac440 is pointing into the stack for thread: 0x0000000057153800
R11=0x000000005b480370 is an unknown value
R12=0x0000000000000007 is an unknown value
R13=0x000000005dd6b128 is an unknown value
R14=0x00000000576abfe8 is pointing into the stack for thread: 0x0000000057153800
R15=0x00000000576ac008 is pointing into the stack for thread: 0x0000000057153800


Stack: [0x00000000575b0000,0x00000000576b0000],  sp=0x00000000576abed0,  free space=1007k
Native frames: (J=compiled Java code, j=interpreted, Vv=VM code, C=native code)
V  [jvm.dll+0x488d61]
V  [jvm.dll+0x48cbb7]
V  [jvm.dll+0x48e4d9]
V  [jvm.dll+0x490283]
V  [jvm.dll+0x440bd0]
V  [jvm.dll+0x4419d2]
V  [jvm.dll+0x424b32]
V  [jvm.dll+0x80fa9]
V  [jvm.dll+0x818df]
V  [jvm.dll+0x21d06f]
V  [jvm.dll+0x26d4aa]
C  [msvcr100.dll+0x21d9f]
C  [msvcr100.dll+0x21e3b]
C  [kernel32.dll+0x159cd]
C  [ntdll.dll+0x2a561]


Current CompileTask:
C2:   4200 1689   !   4       java.net.URLClassLoader$1::run (63 bytes)


---------------  P R O C E S S  ---------------

Java Threads: ( => current thread )
  0x000000005995e800 JavaThread "Cache worker for file hash cache (E:\WORKSPACE\privacy-friendly-boardgame-clock\.gradle\4.2\fileHashes)" [_thread_blocked, id=2700, stack(0x000000005c1a0000,0x000000005c2a0000)]
  0x0000000059a6a000 JavaThread "File lock request listener" [_thread_in_native, id=2712, stack(0x000000005af10000,0x000000005b010000)]
  0x00000000593a8000 JavaThread "Cache worker for file hash cache (C:\Users\Bi Banh Bao\.gradle\caches\4.2\fileHashes)" [_thread_blocked, id=1172, stack(0x000000005ad50000,0x000000005ae50000)]
  0x0000000059711000 JavaThread "Stdin handler" [_thread_blocked, id=7292, stack(0x000000005a9f0000,0x000000005aaf0000)]
  0x0000000059b25800 JavaThread "Asynchronous log dispatcher for DefaultDaemonConnection: socket connection from /127.0.0.1:52389 to /127.0.0.1:52391" [_thread_blocked, id=8004, stack(0x0000000058a50000,0x0000000058b50000)]
  0x0000000059359000 JavaThread "Daemon worker" [_thread_in_native, id=7312, stack(0x000000005a850000,0x000000005a950000)]
  0x0000000059358800 JavaThread "Cancel handler" [_thread_blocked, id=6412, stack(0x000000005a650000,0x000000005a750000)]
  0x00000000594b2800 JavaThread "Handler for socket connection from /127.0.0.1:52389 to /127.0.0.1:52391" [_thread_in_native, id=8152, stack(0x000000005a310000,0x000000005a410000)]
  0x00000000592ba800 JavaThread "Daemon" [_thread_blocked, id=8096, stack(0x000000005a1e0000,0x000000005a2e0000)]
  0x0000000059708800 JavaThread "Daemon periodic checks" [_thread_blocked, id=6908, stack(0x000000005a020000,0x000000005a120000)]
  0x00000000599ac800 JavaThread "Incoming local TCP Connector on port 52389" [_thread_in_native, id=8056, stack(0x0000000059ee0000,0x0000000059fe0000)]
  0x00000000571d8000 JavaThread "Service Thread" daemon [_thread_blocked, id=7648, stack(0x0000000057f70000,0x0000000058070000)]
  0x000000005715c000 JavaThread "C1 CompilerThread2" daemon [_thread_blocked, id=3920, stack(0x0000000057de0000,0x0000000057ee0000)]
  0x000000005715b000 JavaThread "C2 CompilerThread1" daemon [_thread_in_native, id=4320, stack(0x0000000057b20000,0x0000000057c20000)]
=>0x0000000057153800 JavaThread "C2 CompilerThread0" daemon [_thread_in_native, id=7280, stack(0x00000000575b0000,0x00000000576b0000)]
  0x0000000057150800 JavaThread "Attach Listener" daemon [_thread_blocked, id=7796, stack(0x0000000057910000,0x0000000057a10000)]
  0x00000000061e8800 JavaThread "Signal Dispatcher" daemon [_thread_blocked, id=6224, stack(0x0000000057740000,0x0000000057840000)]
  0x00000000061cd800 JavaThread "Finalizer" daemon [_thread_blocked, id=6352, stack(0x0000000057050000,0x0000000057150000)]
  0x0000000006186800 JavaThread "Reference Handler" daemon [_thread_blocked, id=3280, stack(0x0000000056d50000,0x0000000056e50000)]
  0x0000000002388800 JavaThread "main" [_thread_blocked, id=8020, stack(0x0000000002630000,0x0000000002730000)]

Other Threads:
  0x000000000617f800 VMThread [stack: 0x0000000056b70000,0x0000000056c70000] [id=5140]
  0x00000000571d9000 WatcherThread [stack: 0x0000000058130000,0x0000000058230000] [id=7596]

VM state:not at safepoint (normal execution)

VM Mutex/Monitor currently owned by a thread: None

Heap:
 PSYoungGen      total 71680K, used 18822K [0x00000000eab00000, 0x00000000f3700000, 0x0000000100000000)
  eden space 66560K, 20% used [0x00000000eab00000,0x00000000eb8659c0,0x00000000eec00000)
  from space 5120K, 99% used [0x00000000eec00000,0x00000000ef0fc070,0x00000000ef100000)
  to   space 5120K, 0% used [0x00000000f3200000,0x00000000f3200000,0x00000000f3700000)
 ParOldGen       total 87552K, used 6608K [0x00000000c0000000, 0x00000000c5580000, 0x00000000eab00000)
  object space 87552K, 7% used [0x00000000c0000000,0x00000000c0674258,0x00000000c5580000)
 Metaspace       used 19775K, capacity 20164K, committed 20352K, reserved 1067008K
  class space    used 2767K, capacity 2911K, committed 2944K, reserved 1048576K

Card table byte_map: [0x0000000002dc0000,0x0000000002fd0000] byte_map_base: 0x00000000027c0000

Marking Bits: (ParMarkBitMap*) 0x00000000078d3950
 Begin Bits: [0x00000000035f0000, 0x00000000045f0000)
 End Bits:   [0x00000000045f0000, 0x00000000055f0000)

Polling page: 0x0000000000350000

CodeCache: size=245760Kb used=6325Kb max_used=6325Kb free=239434Kb
 bounds [0x0000000007950000, 0x0000000007f90000, 0x0000000016950000]
 total_blobs=2150 nmethods=1764 adapters=299
 compilation: enabled

Compilation events (10 events):
Event: 4.063 Thread 0x000000005715c000 1759       3       java.lang.Class::getMethod (64 bytes)
Event: 4.064 Thread 0x000000005715c000 nmethod 1759 0x0000000007f7a210 code [0x0000000007f7a460, 0x0000000007f7b0c8]
Event: 4.066 Thread 0x000000005715c000 1760       3       java.util.LinkedList::node (65 bytes)
Event: 4.066 Thread 0x000000005715c000 nmethod 1760 0x0000000007f7b650 code [0x0000000007f7b7c0, 0x0000000007f7bad0]
Event: 4.066 Thread 0x000000005715c000 1762       1       java.util.concurrent.ConcurrentHashMap::spread (10 bytes)
Event: 4.067 Thread 0x000000005715c000 nmethod 1762 0x0000000007f7bc10 code [0x0000000007f7bd60, 0x0000000007f7be50]
Event: 4.067 Thread 0x000000005715c000 1761       3       java.util.AbstractSequentialList::iterator (5 bytes)
Event: 4.067 Thread 0x000000005715c000 nmethod 1761 0x0000000007f7be90 code [0x0000000007f7c000, 0x0000000007f7c2e8]
Event: 4.072 Thread 0x000000005715c000 1763       3       java.util.Collections::emptyMap (4 bytes)
Event: 4.072 Thread 0x000000005715c000 nmethod 1763 0x0000000007f7c3d0 code [0x0000000007f7c520, 0x0000000007f7c650]

GC Heap History (6 events):
Event: 0.701 GC heap before
{Heap before GC invocations=1 (full 0):
 PSYoungGen      total 38400K, used 33280K [0x00000000eab00000, 0x00000000ed580000, 0x0000000100000000)
  eden space 33280K, 100% used [0x00000000eab00000,0x00000000ecb80000,0x00000000ecb80000)
  from space 5120K, 0% used [0x00000000ed080000,0x00000000ed080000,0x00000000ed580000)
  to   space 5120K, 0% used [0x00000000ecb80000,0x00000000ecb80000,0x00000000ed080000)
 ParOldGen       total 87552K, used 0K [0x00000000c0000000, 0x00000000c5580000, 0x00000000eab00000)
  object space 87552K, 0% used [0x00000000c0000000,0x00000000c0000000,0x00000000c5580000)
 Metaspace       used 6906K, capacity 7066K, committed 7424K, reserved 1056768K
  class space    used 840K, capacity 911K, committed 1024K, reserved 1048576K
Event: 0.726 GC heap after
Heap after GC invocations=1 (full 0):
 PSYoungGen      total 38400K, used 4111K [0x00000000eab00000, 0x00000000ef600000, 0x0000000100000000)
  eden space 33280K, 0% used [0x00000000eab00000,0x00000000eab00000,0x00000000ecb80000)
  from space 5120K, 80% used [0x00000000ecb80000,0x00000000ecf83eb0,0x00000000ed080000)
  to   space 5120K, 0% used [0x00000000ef100000,0x00000000ef100000,0x00000000ef600000)
 ParOldGen       total 87552K, used 8K [0x00000000c0000000, 0x00000000c5580000, 0x00000000eab00000)
  object space 87552K, 0% used [0x00000000c0000000,0x00000000c0002000,0x00000000c5580000)
 Metaspace       used 6906K, capacity 7066K, committed 7424K, reserved 1056768K
  class space    used 840K, capacity 911K, committed 1024K, reserved 1048576K
}
Event: 1.498 GC heap before
{Heap before GC invocations=2 (full 0):
 PSYoungGen      total 38400K, used 37391K [0x00000000eab00000, 0x00000000ef600000, 0x0000000100000000)
  eden space 33280K, 100% used [0x00000000eab00000,0x00000000ecb80000,0x00000000ecb80000)
  from space 5120K, 80% used [0x00000000ecb80000,0x00000000ecf83eb0,0x00000000ed080000)
  to   space 5120K, 0% used [0x00000000ef100000,0x00000000ef100000,0x00000000ef600000)
 ParOldGen       total 87552K, used 8K [0x00000000c0000000, 0x00000000c5580000, 0x00000000eab00000)
  object space 87552K, 0% used [0x00000000c0000000,0x00000000c0002000,0x00000000c5580000)
 Metaspace       used 11616K, capacity 11928K, committed 12160K, reserved 1060864K
  class space    used 1528K, capacity 1644K, committed 1664K, reserved 1048576K
Event: 1.504 GC heap after
Heap after GC invocations=2 (full 0):
 PSYoungGen      total 71680K, used 5101K [0x00000000eab00000, 0x00000000ef600000, 0x0000000100000000)
  eden space 66560K, 0% used [0x00000000eab00000,0x00000000eab00000,0x00000000eec00000)
  from space 5120K, 99% used [0x00000000ef100000,0x00000000ef5fb5a0,0x00000000ef600000)
  to   space 5120K, 0% used [0x00000000eec00000,0x00000000eec00000,0x00000000ef100000)
 ParOldGen       total 87552K, used 418K [0x00000000c0000000, 0x00000000c5580000, 0x00000000eab00000)
  object space 87552K, 0% used [0x00000000c0000000,0x00000000c00689a0,0x00000000c5580000)
 Metaspace       used 11616K, capacity 11928K, committed 12160K, reserved 1060864K
  class space    used 1528K, capacity 1644K, committed 1664K, reserved 1048576K
}
Event: 3.328 GC heap before
{Heap before GC invocations=3 (full 0):
 PSYoungGen      total 71680K, used 71661K [0x00000000eab00000, 0x00000000ef600000, 0x0000000100000000)
  eden space 66560K, 100% used [0x00000000eab00000,0x00000000eec00000,0x00000000eec00000)
  from space 5120K, 99% used [0x00000000ef100000,0x00000000ef5fb5a0,0x00000000ef600000)
  to   space 5120K, 0% used [0x00000000eec00000,0x00000000eec00000,0x00000000ef100000)
 ParOldGen       total 87552K, used 418K [0x00000000c0000000, 0x00000000c5580000, 0x00000000eab00000)
  object space 87552K, 0% used [0x00000000c0000000,0x00000000c00689a0,0x00000000c5580000)
 Metaspace       used 17880K, capacity 18302K, committed 18432K, reserved 1064960K
  class space    used 2571K, capacity 2717K, committed 2816K, reserved 1048576K
Event: 3.693 GC heap after
Heap after GC invocations=3 (full 0):
 PSYoungGen      total 71680K, used 5104K [0x00000000eab00000, 0x00000000f3700000, 0x0000000100000000)
  eden space 66560K, 0% used [0x00000000eab00000,0x00000000eab00000,0x00000000eec00000)
  from space 5120K, 99% used [0x00000000eec00000,0x00000000ef0fc070,0x00000000ef100000)
  to   space 5120K, 0% used [0x00000000f3200000,0x00000000f3200000,0x00000000f3700000)
 ParOldGen       total 87552K, used 6608K [0x00000000c0000000, 0x00000000c5580000, 0x00000000eab00000)
  object space 87552K, 7% used [0x00000000c0000000,0x00000000c0674258,0x00000000c5580000)
 Metaspace       used 17880K, capacity 18302K, committed 18432K, reserved 1064960K
  class space    used 2571K, capacity 2717K, committed 2816K, reserved 1048576K
}

Deoptimization events (10 events):
Event: 2.890 Thread 0x0000000059359000 Uncommon trap: reason=bimorphic action=maybe_recompile pc=0x0000000007ec1788 method=java.lang.ClassLoader.getPackage(Ljava/lang/String;)Ljava/lang/Package; @ 47
Event: 2.977 Thread 0x0000000059359000 Uncommon trap: reason=unstable_if action=reinterpret pc=0x0000000007c42770 method=java.lang.AbstractStringBuilder.append(Ljava/lang/String;)Ljava/lang/AbstractStringBuilder; @ 1
Event: 2.977 Thread 0x0000000059359000 Uncommon trap: reason=unstable_if action=reinterpret pc=0x0000000007ba6e18 method=java.lang.AbstractStringBuilder.append(Ljava/lang/String;)Ljava/lang/AbstractStringBuilder; @ 1
Event: 3.757 Thread 0x0000000059359000 Uncommon trap: reason=class_check action=maybe_recompile pc=0x0000000007b20950 method=java.lang.String.equals(Ljava/lang/Object;)Z @ 8
Event: 3.757 Thread 0x0000000059359000 Uncommon trap: reason=class_check action=maybe_recompile pc=0x0000000007b20950 method=java.lang.String.equals(Ljava/lang/Object;)Z @ 8
Event: 3.758 Thread 0x0000000059359000 Uncommon trap: reason=class_check action=maybe_recompile pc=0x0000000007b20950 method=java.lang.String.equals(Ljava/lang/Object;)Z @ 8
Event: 3.758 Thread 0x0000000059359000 Uncommon trap: reason=class_check action=maybe_recompile pc=0x0000000007b20950 method=java.lang.String.equals(Ljava/lang/Object;)Z @ 8
Event: 3.805 Thread 0x0000000059359000 Uncommon trap: reason=class_check action=maybe_recompile pc=0x0000000007b33768 method=sun.misc.URLClassPath.getLoader(I)Lsun/misc/URLClassPath$Loader; @ 94
Event: 3.805 Thread 0x0000000059359000 Uncommon trap: reason=class_check action=maybe_recompile pc=0x0000000007f22f30 method=sun.misc.URLClassPath.getResource(Ljava/lang/String;Z)Lsun/misc/Resource; @ 62
Event: 3.815 Thread 0x0000000059359000 Uncommon trap: reason=unstable_if action=reinterpret pc=0x0000000007ed9734 method=java.lang.ClassLoader.getClassLoadingLock(Ljava/lang/String;)Ljava/lang/Object; @ 6

Classes redefined (0 events):
No events

Internal exceptions (10 events):
Event: 2.909 Thread 0x0000000059359000 Exception <a 'java/lang/NoSuchMethodError': <clinit>> (0x00000000ee6ab690) thrown at [D:\src\AOSP-openjdk-cygwin\jdk8u\hotspot\src\share\vm\prims\jni.cpp, line 1613]
Event: 2.910 Thread 0x0000000059359000 Exception <a 'java/lang/NoSuchMethodError': <clinit>> (0x00000000ee6bb7a8) thrown at [D:\src\AOSP-openjdk-cygwin\jdk8u\hotspot\src\share\vm\prims\jni.cpp, line 1613]
Event: 2.910 Thread 0x0000000059359000 Exception <a 'java/lang/NoSuchMethodError': <clinit>> (0x00000000ee6cc7b0) thrown at [D:\src\AOSP-openjdk-cygwin\jdk8u\hotspot\src\share\vm\prims\jni.cpp, line 1613]
Event: 2.911 Thread 0x0000000059359000 Exception <a 'java/lang/NoSuchMethodError': <clinit>> (0x00000000ee6d7d90) thrown at [D:\src\AOSP-openjdk-cygwin\jdk8u\hotspot\src\share\vm\prims\jni.cpp, line 1613]
Event: 2.911 Thread 0x0000000059359000 Exception <a 'java/lang/NoSuchMethodError': <clinit>> (0x00000000ee6e26d0) thrown at [D:\src\AOSP-openjdk-cygwin\jdk8u\hotspot\src\share\vm\prims\jni.cpp, line 1613]
Event: 2.917 Thread 0x0000000059359000 Exception <a 'java/lang/NoSuchMethodError': <clinit>> (0x00000000ee736fb8) thrown at [D:\src\AOSP-openjdk-cygwin\jdk8u\hotspot\src\share\vm\prims\jni.cpp, line 1613]
Event: 2.917 Thread 0x0000000059359000 Exception <a 'java/lang/NoSuchMethodError': <clinit>> (0x00000000ee73ac78) thrown at [D:\src\AOSP-openjdk-cygwin\jdk8u\hotspot\src\share\vm\prims\jni.cpp, line 1613]
Event: 2.917 Thread 0x0000000059359000 Exception <a 'java/lang/NoSuchMethodError': <clinit>> (0x00000000ee73c780) thrown at [D:\src\AOSP-openjdk-cygwin\jdk8u\hotspot\src\share\vm\prims\jni.cpp, line 1613]
Event: 2.977 Thread 0x0000000059359000 Implicit null exception at 0x0000000007c423c6 to 0x0000000007c42759
Event: 2.977 Thread 0x0000000059359000 Implicit null exception at 0x0000000007ba6a49 to 0x0000000007ba6e01

Events (10 events):
Event: 4.076 loading class org/codehaus/groovy/runtime/m12n/PropertiesModuleFactory
Event: 4.076 loading class org/codehaus/groovy/runtime/m12n/PropertiesModuleFactory done
Event: 4.076 loading class org/codehaus/groovy/runtime/m12n/ExtensionModule
Event: 4.076 loading class org/codehaus/groovy/runtime/m12n/ExtensionModule done
Event: 4.076 loading class org/codehaus/groovy/runtime/m12n/MetaInfExtensionModule
Event: 4.076 loading class org/codehaus/groovy/runtime/m12n/MetaInfExtensionModule done
Event: 4.077 loading class org/codehaus/groovy/runtime/m12n/SimpleExtensionModule
Event: 4.077 loading class org/codehaus/groovy/runtime/m12n/SimpleExtensionModule done
Event: 4.077 loading class java/lang/UnsupportedClassVersionError
Event: 4.077 loading class java/lang/UnsupportedClassVersionError done


Dynamic libraries:
0x000000013f2f0000 - 0x000000013f321000 	E:\Programme\Android Studio 3.0\jre\bin\java.exe
0x0000000076d80000 - 0x0000000076f2a000 	C:\Windows\SYSTEM32\ntdll.dll
0x000007feef970000 - 0x000007feef9a4000 	C:\Program Files\AVAST Software\Avast\x64\aswhooka.dll
0x0000000076b60000 - 0x0000000076c7f000 	C:\Windows\system32\kernel32.dll
0x000007fefcb20000 - 0x000007fefcb8a000 	C:\Windows\system32\KERNELBASE.dll
0x000007fefefb0000 - 0x000007feff08b000 	C:\Windows\system32\ADVAPI32.dll
0x000007fefeda0000 - 0x000007fefee3f000 	C:\Windows\system32\msvcrt.dll
0x000007fefd090000 - 0x000007fefd0af000 	C:\Windows\SYSTEM32\sechost.dll
0x000007fefcf60000 - 0x000007fefd08d000 	C:\Windows\system32\RPCRT4.dll
0x0000000076c80000 - 0x0000000076d7a000 	C:\Windows\system32\USER32.dll
0x000007fefd890000 - 0x000007fefd8f7000 	C:\Windows\system32\GDI32.dll
0x000007fefdae0000 - 0x000007fefdaee000 	C:\Windows\system32\LPK.dll
0x000007fefeee0000 - 0x000007fefefab000 	C:\Windows\system32\USP10.dll
0x000007fefb5e0000 - 0x000007fefb7d4000 	C:\Windows\WinSxS\amd64_microsoft.windows.common-controls_6595b64144ccf1df_6.0.7601.18837_none_fa3b1e3d17594757\COMCTL32.dll
0x000007fefd810000 - 0x000007fefd881000 	C:\Windows\system32\SHLWAPI.dll
0x000007fefce90000 - 0x000007fefcebe000 	C:\Windows\system32\IMM32.DLL
0x000007fefd700000 - 0x000007fefd809000 	C:\Windows\system32\MSCTF.dll
0x0000000056ec0000 - 0x0000000056f92000 	E:\Programme\Android Studio 3.0\jre\jre\bin\msvcr100.dll
0x0000000007110000 - 0x000000000794e000 	E:\Programme\Android Studio 3.0\jre\jre\bin\server\jvm.dll
0x000007fef70b0000 - 0x000007fef70b9000 	C:\Windows\system32\WSOCK32.dll
0x000007fefed50000 - 0x000007fefed9d000 	C:\Windows\system32\WS2_32.dll
0x000007fefed40000 - 0x000007fefed48000 	C:\Windows\system32\NSI.dll
0x000007fef9610000 - 0x000007fef964b000 	C:\Windows\system32\WINMM.dll
0x000007fefbb50000 - 0x000007fefbb5c000 	C:\Windows\system32\VERSION.dll
0x0000000076f50000 - 0x0000000076f57000 	C:\Windows\system32\PSAPI.DLL
0x000007fef8da0000 - 0x000007fef8daf000 	E:\Programme\Android Studio 3.0\jre\jre\bin\verify.dll
0x000007fef1b50000 - 0x000007fef1b79000 	E:\Programme\Android Studio 3.0\jre\jre\bin\java.dll
0x000007fef1b30000 - 0x000007fef1b46000 	E:\Programme\Android Studio 3.0\jre\jre\bin\zip.dll
0x000007fefdc80000 - 0x000007fefea0a000 	C:\Windows\system32\SHELL32.dll
0x000007fefd420000 - 0x000007fefd61c000 	C:\Windows\system32\ole32.dll
0x000007fefca70000 - 0x000007fefca7f000 	C:\Windows\system32\profapi.dll
0x000007fef1b10000 - 0x000007fef1b2a000 	E:\Programme\Android Studio 3.0\jre\jre\bin\net.dll
0x000007fefc2f0000 - 0x000007fefc345000 	C:\Windows\system32\mswsock.dll
0x000007fefc2e0000 - 0x000007fefc2e7000 	C:\Windows\System32\wship6.dll
0x000007fef03c0000 - 0x000007fef03d1000 	E:\Programme\Android Studio 3.0\jre\jre\bin\nio.dll
0x000007fee9090000 - 0x000007fee90ae000 	C:\Users\Bi Banh Bao\.gradle\native\25\windows-amd64\native-platform.dll
0x000007fef1ab0000 - 0x000007fef1abd000 	E:\Programme\Android Studio 3.0\jre\jre\bin\management.dll
0x000007fefc390000 - 0x000007fefc3a8000 	C:\Windows\system32\CRYPTSP.dll
0x000007fefbf90000 - 0x000007fefbfd7000 	C:\Windows\system32\rsaenh.dll
0x000007fefca90000 - 0x000007fefcaae000 	C:\Windows\system32\USERENV.dll
0x000007fefc8d0000 - 0x000007fefc8df000 	C:\Windows\system32\CRYPTBASE.dll
0x000007fefa1b0000 - 0x000007fefa1d7000 	C:\Windows\system32\IPHLPAPI.DLL
0x000007fefa1a0000 - 0x000007fefa1ab000 	C:\Windows\system32\WINNSI.DLL
0x000007fefa0b0000 - 0x000007fefa0c1000 	C:\Windows\system32\dhcpcsvc6.DLL
0x000007fefa060000 - 0x000007fefa078000 	C:\Windows\system32\dhcpcsvc.DLL
0x000007fef3f20000 - 0x000007fef4045000 	C:\Windows\system32\dbghelp.dll

VM Arguments:
jvm_args: -XX:+HeapDumpOnOutOfMemoryError -Xmx1024m -Dfile.encoding=windows-1252 -Duser.country=DE -Duser.language=de -Duser.variant 
java_command: org.gradle.launcher.daemon.bootstrap.GradleDaemon 4.2
java_class_path (initial): C:\Users\Bi Banh Bao\.gradle\wrapper\dists\gradle-4.2-all\35kgqhc6h01n0g1he8zslvs9l\gradle-4.2\lib\gradle-launcher-4.2.jar
Launcher Type: SUN_STANDARD

Environment Variables:
JAVA_HOME=C:\Program Files (x86)\Java\jdk1.8.0_131
PATH=C:\ProgramData\Oracle\Java\javapath;C:\Program Files (x86)\Intel\iCLS Client\;C:\Program Files\Intel\iCLS Client\;C:\Windows\system32;C:\Windows;C:\Windows\System32\Wbem;C:\Windows\System32\WindowsPowerShell\v1.0\;C:\Program Files\Intel\Intel(R) Management Engine Components\DAL;C:\Program Files\Intel\Intel(R) Management Engine Components\IPT;C:\Program Files (x86)\Intel\Intel(R) Management Engine Components\DAL;C:\Program Files (x86)\Intel\Intel(R) Management Engine Components\IPT;C:\Program Files (x86)\ATI Technologies\ATI.ACE\Core-Static;C:\Python27;C:\Python27\Scripts\;C:\Program Files (x86)\Java\jdk1.8.0_131\bin;C:\apache-maven-3.5.0\bin;C:\Program Files\Git\cmd;E:\PostgreSQL\osm2pgsql\osm2pgsql-bin;E:\WORKSPACE\´BP2017_Data\OSM Datenbank\osmosis-latest\bin;E:\PostgreSQL\9.6\bin;C:\Program Files\PuTTY\;E:\WORKSPACE\_______BP2017_Data\OSM Datenbank\osmosis-latest\bin;C:\Program Files (x86)\Calibre2\;C:\Users\Bi Banh Bao\AppData\Local\Programs\Python\Python36-32;C:\Users\Bi Banh Bao\AppData\Local\Programs\Python\Python36-32\Scripts\;C:\Users\Bi Banh Bao\AppData\Local\Programs\Python\Python36-32\
USERNAME=Bi Banh Bao
OS=Windows_NT
PROCESSOR_IDENTIFIER=Intel64 Family 6 Model 58 Stepping 9, GenuineIntel



---------------  S Y S T E M  ---------------

OS: Windows 7 , 64 bit Build 7601 (6.1.7601.23915)

CPU:total 4 (initial active 4) (4 cores per cpu, 1 threads per core) family 6 model 58 stepping 9, cmov, cx8, fxsr, mmx, sse, sse2, sse3, ssse3, sse4.1, sse4.2, popcnt, avx, aes, clmul, erms, tsc, tscinvbit, tscinv

Memory: 4k page, physical 8350732k(3136336k free), swap 16699604k(10232896k free)

vm_info: OpenJDK 64-Bit Server VM (25.152-b01) for windows-amd64 JRE (1.8.0_152-release-915-b01), built by "builder" with MS VC++ 10.0 (VS2010)

time: Sat Jan 06 17:48:55 2018
elapsed time: 4 seconds (0d 0h 0m 4s)

